<?xml version="1.0" encoding="UTF-8"?>
<testng-results skipped="0" failed="0" ignored="0" total="1" passed="1">
  <reporter-output>
  </reporter-output>
  <suite name="Default suite" duration-ms="55" started-at="2020-10-21T12:00:14Z" finished-at="2020-10-21T12:00:14Z">
    <groups>
    </groups>
    <test name="Default test" duration-ms="55" started-at="2020-10-21T12:00:14Z" finished-at="2020-10-21T12:00:14Z">
      <class name="com.practice.tests.HomePageTest">
        <test-method status="PASS" signature="testMethod()[pri:0, instance:com.practice.tests.HomePageTest@224edc67]" name="testMethod" duration-ms="15" started-at="2020-10-21T12:00:14Z" finished-at="2020-10-21T12:00:14Z">
          <reporter-output>
          </reporter-output>
        </test-method> <!-- testMethod -->
      </class> <!-- com.practice.tests.HomePageTest -->
    </test> <!-- Default test -->
  </suite> <!-- Default suite -->
</testng-results>
